<?xml version="1.0" encoding="UTF-8"?>
<!-- Generated by org.testng.reporters.JUnitXMLReporter -->
<testsuite hostname="Vignesh-Personal" ignored="0" name="Default test" tests="6" failures="0" timestamp="01 Mar 2021 11:58:16 GMT" time="578.954" errors="0">
  <testcase name="getTestData" time="1.899" classname="com.movie.select.test.selectseattest"/>
  <testcase name="validateSelectCity" time="4.453" classname="com.movie.select.test.selectseattest"/>
  <testcase name="validateSelectMovie" time="26.815" classname="com.movie.select.test.selectseattest"/>
  <testcase name="validateBookTicket" time="5.918" classname="com.movie.select.test.selectseattest"/>
  <testcase name="validateSelectNumOfTickets" time="17.258" classname="com.movie.select.test.selectseattest"/>
  <testcase name="selectSeat" time="208.997" classname="com.movie.select.test.selectseattest"/>
</testsuite> <!-- Default test -->
