<?xml version="1.0" encoding="UTF-8"?>
<!-- Generated by org.testng.reporters.JUnitXMLReporter -->
<testsuite hostname="Vignesh-Personal" ignored="0" name="Bookmyshow Test cases" tests="6" failures="0" timestamp="28 Feb 2021 08:02:33 GMT" time="227.79" errors="0">
  <testcase name="getTestData" time="1.298" classname="com.movie.select.test.selectseattest"/>
  <testcase name="validateSelectCity" time="4.045" classname="com.movie.select.test.selectseattest"/>
  <testcase name="validateSelectMovie" time="14.826" classname="com.movie.select.test.selectseattest"/>
  <testcase name="validateBookTicket" time="4.429" classname="com.movie.select.test.selectseattest"/>
  <testcase name="validateSelectNumOfTickets" time="3.138" classname="com.movie.select.test.selectseattest"/>
  <testcase name="selectSeat" time="166.118" classname="com.movie.select.test.selectseattest"/>
</testsuite> <!-- Bookmyshow Test cases -->
